# JRE version: OpenJDK Runtime Environment (17.0.11) (build 17.0.11+0--11852314)
# Java VM: OpenJDK 64-Bit Server VM (17.0.11+0--11852314, mixed mode, tiered, compressed oops, compressed class ptrs, g1 gc, windows-amd64)
GC Precious Log:
 CPUs: 12 total, 12 available
 Memory: 15660M
 Large Page Support: Disabled
 NUMA Support: Disabled
 Compressed Oops: Enabled (Zero based)
 Heap Region Size: 2M
 Heap Min Capacity: 8M
 Heap Initial Capacity: 246M
 Heap Max Capacity: 4G
 Pre-touch: Disabled
 Parallel Workers: 10
 Concurrent Workers: 3
 Concurrent Refinement Workers: 10
 Periodic GC: Disabled
Heap:
 garbage-first heap   total 104448K, used 52459K [0x0000000700000000, 0x0000000800000000)
  region size 2048K, 11 young (22528K), 2 survivors (4096K)
 Metaspace       used 61699K, committed 62272K, reserved 1114112K
  class space    used 8408K, committed 8704K, reserved 1048576K
GC Heap History (20 events):
Event: 5.896 GC heap before
{Heap before GC invocations=5 (full 0):
 garbage-first heap   total 75776K, used 22919K [0x0000000700000000, 0x0000000800000000)
  region size 2048K, 3 young (6144K), 2 survivors (4096K)
 Metaspace       used 27315K, committed 27584K, reserved 1114112K
  class space    used 3575K, committed 3648K, reserved 1048576K
}
Event: 5.898 GC heap after
{Heap after GC invocations=6 (full 0):
 garbage-first heap   total 75776K, used 21095K [0x0000000700000000, 0x0000000800000000)
  region size 2048K, 1 young (2048K), 1 survivors (2048K)
 Metaspace       used 27315K, committed 27584K, reserved 1114112K
  class space    used 3575K, committed 3648K, reserved 1048576K
}
Event: 6.297 GC heap before
{Heap before GC invocations=6 (full 0):
 garbage-first heap   total 75776K, used 49767K [0x0000000700000000, 0x0000000800000000)
  region size 2048K, 15 young (30720K), 1 survivors (2048K)
 Metaspace       used 31503K, committed 31808K, reserved 1114112K
  class space    used 4249K, committed 4416K, reserved 1048576K
}
Event: 6.299 GC heap after
{Heap after GC invocations=7 (full 0):
 garbage-first heap   total 75776K, used 22018K [0x0000000700000000, 0x0000000800000000)
  region size 2048K, 1 young (2048K), 1 survivors (2048K)
 Metaspace       used 31503K, committed 31808K, reserved 1114112K
  class space    used 4249K, committed 4416K, reserved 1048576K
}
Event: 6.586 GC heap before
{Heap before GC invocations=7 (full 0):
 garbage-first heap   total 75776K, used 42498K [0x0000000700000000, 0x0000000800000000)
  region size 2048K, 12 young (24576K), 1 survivors (2048K)
 Metaspace       used 35660K, committed 35968K, reserved 1114112K
  class space    used 4762K, committed 4928K, reserved 1048576K
}
Event: 6.588 GC heap after
{Heap after GC invocations=8 (full 0):
 garbage-first heap   total 75776K, used 24002K [0x0000000700000000, 0x0000000800000000)
  region size 2048K, 2 young (4096K), 2 survivors (4096K)
 Metaspace       used 35660K, committed 35968K, reserved 1114112K
  class space    used 4762K, committed 4928K, reserved 1048576K
}
Event: 6.912 GC heap before
{Heap before GC invocations=9 (full 0):
 garbage-first heap   total 75776K, used 52674K [0x0000000700000000, 0x0000000800000000)
  region size 2048K, 17 young (34816K), 2 survivors (4096K)
 Metaspace       used 39983K, committed 40320K, reserved 1114112K
  class space    used 5274K, committed 5440K, reserved 1048576K
}
Event: 6.915 GC heap after
{Heap after GC invocations=10 (full 0):
 garbage-first heap   total 75776K, used 27131K [0x0000000700000000, 0x0000000800000000)
  region size 2048K, 3 young (6144K), 3 survivors (6144K)
 Metaspace       used 39983K, committed 40320K, reserved 1114112K
  class space    used 5274K, committed 5440K, reserved 1048576K
}
Event: 6.981 GC heap before
{Heap before GC invocations=10 (full 0):
 garbage-first heap   total 75776K, used 29179K [0x0000000700000000, 0x0000000800000000)
  region size 2048K, 4 young (8192K), 3 survivors (6144K)
 Metaspace       used 40274K, committed 40576K, reserved 1114112K
  class space    used 5323K, committed 5440K, reserved 1048576K
}
Event: 6.983 GC heap after
{Heap after GC invocations=11 (full 0):
 garbage-first heap   total 75776K, used 26980K [0x0000000700000000, 0x0000000800000000)
  region size 2048K, 1 young (2048K), 1 survivors (2048K)
 Metaspace       used 40274K, committed 40576K, reserved 1114112K
  class space    used 5323K, committed 5440K, reserved 1048576K
}
Event: 7.147 GC heap before
{Heap before GC invocations=11 (full 0):
 garbage-first heap   total 75776K, used 57700K [0x0000000700000000, 0x0000000800000000)
  region size 2048K, 15 young (30720K), 1 survivors (2048K)
 Metaspace       used 42068K, committed 42432K, reserved 1114112K
  class space    used 5493K, committed 5632K, reserved 1048576K
}
Event: 7.149 GC heap after
{Heap after GC invocations=12 (full 0):
 garbage-first heap   total 104448K, used 28598K [0x0000000700000000, 0x0000000800000000)
  region size 2048K, 2 young (4096K), 2 survivors (4096K)
 Metaspace       used 42068K, committed 42432K, reserved 1114112K
  class space    used 5493K, committed 5632K, reserved 1048576K
}
Event: 7.770 GC heap before
{Heap before GC invocations=12 (full 0):
 garbage-first heap   total 104448K, used 73654K [0x0000000700000000, 0x0000000800000000)
  region size 2048K, 24 young (49152K), 2 survivors (4096K)
 Metaspace       used 46602K, committed 47040K, reserved 1114112K
  class space    used 6158K, committed 6400K, reserved 1048576K
}
Event: 7.773 GC heap after
{Heap after GC invocations=13 (full 0):
 garbage-first heap   total 104448K, used 31019K [0x0000000700000000, 0x0000000800000000)
  region size 2048K, 3 young (6144K), 3 survivors (6144K)
 Metaspace       used 46602K, committed 47040K, reserved 1114112K
  class space    used 6158K, committed 6400K, reserved 1048576K
}
Event: 8.482 GC heap before
{Heap before GC invocations=13 (full 0):
 garbage-first heap   total 104448K, used 76075K [0x0000000700000000, 0x0000000800000000)
  region size 2048K, 25 young (51200K), 3 survivors (6144K)
 Metaspace       used 52742K, committed 53184K, reserved 1114112K
  class space    used 7120K, committed 7296K, reserved 1048576K
}
Event: 8.486 GC heap after
{Heap after GC invocations=14 (full 0):
 garbage-first heap   total 104448K, used 33452K [0x0000000700000000, 0x0000000800000000)
  region size 2048K, 3 young (6144K), 3 survivors (6144K)
 Metaspace       used 52742K, committed 53184K, reserved 1114112K
  class space    used 7120K, committed 7296K, reserved 1048576K
}
Event: 9.087 GC heap before
{Heap before GC invocations=14 (full 0):
 garbage-first heap   total 104448K, used 76460K [0x0000000700000000, 0x0000000800000000)
  region size 2048K, 25 young (51200K), 3 survivors (6144K)
 Metaspace       used 58197K, committed 58688K, reserved 1114112K
  class space    used 7838K, committed 8064K, reserved 1048576K
}
Event: 9.090 GC heap after
{Heap after GC invocations=15 (full 0):
 garbage-first heap   total 104448K, used 35408K [0x0000000700000000, 0x0000000800000000)
  region size 2048K, 3 young (6144K), 3 survivors (6144K)
 Metaspace       used 58197K, committed 58688K, reserved 1114112K
  class space    used 7838K, committed 8064K, reserved 1048576K
}
Event: 9.248 GC heap before
{Heap before GC invocations=15 (full 0):
 garbage-first heap   total 104448K, used 45648K [0x0000000700000000, 0x0000000800000000)
  region size 2048K, 9 young (18432K), 3 survivors (6144K)
 Metaspace       used 59827K, committed 60288K, reserved 1114112K
  class space    used 8086K, committed 8320K, reserved 1048576K
}
Event: 9.251 GC heap after
{Heap after GC invocations=16 (full 0):
 garbage-first heap   total 104448K, used 36075K [0x0000000700000000, 0x0000000800000000)
  region size 2048K, 2 young (4096K), 2 survivors (4096K)
 Metaspace       used 59827K, committed 60288K, reserved 1114112K
  class space    used 8086K, committed 8320K, reserved 1048576K
}

